<?xml version="1.0" encoding="UTF-8"?>
<testsuite name="starter.CucumberTestSuite" tests="0" skipped="0" failures="0" errors="0" timestamp="1970-01-01T00:00:00" hostname="Andromeda.local" time="0.0">
  <properties/>
  <system-out><![CDATA[19:34:15.787 [Test worker] INFO  n.t.c.steps.ConsoleLoggingListener - 

-------------------------------------------------------------------------------------
     _______. _______ .______       _______ .__   __.  __  .___________.____    ____ 
    /       ||   ____||   _  \     |   ____||  \ |  | |  | |           |\   \  /   / 
   |   (----`|  |__   |  |_)  |    |  |__   |   \|  | |  | `---|  |----` \   \/   /  
    \   \    |   __|  |      /     |   __|  |  . `  | |  |     |  |       \_    _/   
.----)   |   |  |____ |  |\  \----.|  |____ |  |\   | |  |     |  |         |  |     
|_______/    |_______|| _| `._____||_______||__| \__| |__|     |__|         |__|    
                                                                                     
 News and tutorials at http://www.serenity-bdd.info                                  
 Documentation at https://wakaleo.gitbooks.io/the-serenity-book/content/             
 Join the Serenity Community on Rocket Chat at https://serenity-bdd.rocket.chat      
 Serenity BDD Support and Training at http://serenity-bdd.info/#/trainingandsupport  
 Learn Serenity BDD online at http://serenity-dojo.com                               
-------------------------------------------------------------------------------------

19:34:15.795 [Test worker] INFO  n.t.c.steps.ConsoleLoggingListener - Test Suite Started: Search by keyword
19:34:27.577 [Test worker] INFO  n.t.c.steps.ConsoleLoggingListener - 
        __    _____ _____ ____ _____   ____   _    ____  ____  _____ ____  
  _     \ \  |_   _| ____/ ___|_   _| |  _ \ / \  / ___|/ ___|| ____|  _ \ 
 (_)_____| |   | | |  _| \___ \ | |   | |_) / _ \ \___ \\___ \|  _| | | | |
  _|_____| |   | | | |___ ___) || |   |  __/ ___ \ ___) |___) | |___| |_| |
 (_)     | |   |_| |_____|____/ |_|   |_| /_/   \_\____/|____/|_____|____/ 
        /_/                                                                

TEST PASSED: Searching for a term
----------------------------------------------------------------------------
Feature: Search by keyword

  Scenario: Searching for a term                                  ?[90m# src/test/resources/features/search/search_by_keyword.feature:3?[0m
    ?[32mGiven ?[0m?[32m?[0m?[32m?[1mSergey?[0m?[32m is on the DuckDuckGo home page?[0m                   ?[90m# SearchOnDuckDuckGoStepDefinitions.on_the_DuckDuckGo_home_page(String)?[0m
    ?[32mWhen ?[0m?[32mhe searches for ?[0m?[32m?[1m"cucumber"?[0m                               ?[90m# SearchOnDuckDuckGoStepDefinitions.search_for(String)?[0m
    ?[32mThen ?[0m?[32mall the result titles should contain the word ?[0m?[32m?[1m"cucumber"?[0m ?[90m# SearchOnDuckDuckGoStepDefinitions.all_the_result_titles_should_contain_the_word(String)?[0m

1 Scenarios (?[32m1 passed?[0m)
3 Steps (?[32m3 passed?[0m)
0m11.855s

]]></system-out>
  <system-err><![CDATA[]]></system-err>
</testsuite>
